<?xml version="1.0" encoding="UTF-8"?>
<!-- Generated by org.testng.reporters.JUnitXMLReporter -->
<testsuite ignored="0" hostname="Amir-E" failures="1" tests="3" name="LoginTest" time="3.898" errors="0" timestamp="2022-08-29T15:46:40 PDT">
  <testcase classname="com.ae142.tests.LoginTests" name="invalidLoginTest_InvalidUserNameInvalidPassword" time="0.599"/>
  <testcase classname="com.ae142.tests.LoginTests" name="invalidLoginTest_EmptyUserEmptyPassword" time="0.205">
    <skipped/>
  </testcase> <!-- invalidLoginTest_EmptyUserEmptyPassword -->
  <testcase classname="com.ae142.tests.LoginTests" name="invalidLoginTest_EmptyUserEmptyPassword" time="0.448">
    <failure type="java.lang.AssertionError" message="expected [std_user] but found [Epic sadface: Username is required]">
      <![CDATA[java.lang.AssertionError: expected [std_user] but found [Epic sadface: Username is required]
at com.ae142.pages.LoginPage.verifyLoginUserName(LoginPage.java:41)
at com.ae142.tests.LoginTests.invalidLoginTest_EmptyUserEmptyPassword(LoginTests.java:30)
at java.base/java.util.ArrayList.forEach(ArrayList.java:1511)
... Removed 33 stack frames]]>
    </failure>
  </testcase> <!-- invalidLoginTest_EmptyUserEmptyPassword -->
</testsuite> <!-- LoginTest -->
